2024-11-12 02:49:20,232:DEBUG:certbot._internal.main:certbot version: 3.0.0
2024-11-12 02:49:20,232:DEBUG:certbot._internal.main:Location of certbot entry point: /usr/local/bin/certbot
2024-11-12 02:49:20,233:DEBUG:certbot._internal.main:Arguments: ['--dry-run', '--agree-tos', '--no-eff-email', '--email', 'myemail@gmail.com', '--webroot', '--webroot-path=/var/www/html', '--force-renewal', '-d', 'lucky-gun.com', '-d', 'www.lucky-gun.com']
2024-11-12 02:49:20,233:DEBUG:certbot._internal.main:Discovered plugins: PluginsRegistry(PluginEntryPoint#manual,PluginEntryPoint#null,PluginEntryPoint#standalone,PluginEntryPoint#webroot)
2024-11-12 02:49:20,245:DEBUG:certbot._internal.log:Root logging level set at 30
2024-11-12 02:49:20,246:DEBUG:certbot._internal.plugins.selection:Requested authenticator webroot and installer None
2024-11-12 02:49:20,246:DEBUG:certbot._internal.plugins.selection:Single candidate plugin: * webroot
Description: Saves the necessary validation files to a .well-known/acme-challenge/ directory within the nominated webroot path. A separate HTTP server must be running and serving files from the webroot path. HTTP challenge only (wildcards not supported).
Interfaces: Authenticator, Plugin
Entry point: EntryPoint(name='webroot', value='certbot._internal.plugins.webroot:Authenticator', group='certbot.plugins')
Initialized: <certbot._internal.plugins.webroot.Authenticator object at 0x7f15cc713f20>
Prep: True
2024-11-12 02:49:20,247:DEBUG:certbot._internal.plugins.selection:Selected authenticator <certbot._internal.plugins.webroot.Authenticator object at 0x7f15cc713f20> and installer None
2024-11-12 02:49:20,247:INFO:certbot._internal.plugins.selection:Plugins selected: Authenticator webroot, Installer None
2024-11-12 02:49:20,289:DEBUG:certbot._internal.main:Picked account: <Account(RegistrationResource(body=Registration(key=None, contact=(), agreement=None, status=None, terms_of_service_agreed=None, only_return_existing=None, external_account_binding=None), uri='https://acme-staging-v02.api.letsencrypt.org/acme/acct/171084843', new_authzr_uri=None, terms_of_service=None), 571bbd68d825f253302608d76d308966, Meta(creation_dt=datetime.datetime(2024, 11, 12, 2, 1, 50, tzinfo=<UTC>), creation_host='5bfd48c325fb', register_to_eff=None))>
2024-11-12 02:49:20,290:DEBUG:acme.client:Sending GET request to https://acme-staging-v02.api.letsencrypt.org/directory.
2024-11-12 02:49:20,291:DEBUG:urllib3.connectionpool:Starting new HTTPS connection (1): acme-staging-v02.api.letsencrypt.org:443
2024-11-12 02:49:20,775:DEBUG:urllib3.connectionpool:https://acme-staging-v02.api.letsencrypt.org:443 "GET /directory HTTP/1.1" 200 820
2024-11-12 02:49:20,775:DEBUG:acme.client:Received response:
HTTP 200
Server: nginx
Date: Tue, 12 Nov 2024 02:49:20 GMT
Content-Type: application/json
Content-Length: 820
Connection: keep-alive
Cache-Control: public, max-age=0, no-cache
X-Frame-Options: DENY
Strict-Transport-Security: max-age=604800

{
  "1xHSr_KRhwQ": "https://community.letsencrypt.org/t/adding-random-entries-to-the-directory/33417",
  "keyChange": "https://acme-staging-v02.api.letsencrypt.org/acme/key-change",
  "meta": {
    "caaIdentities": [
      "letsencrypt.org"
    ],
    "termsOfService": "https://letsencrypt.org/documents/LE-SA-v1.4-April-3-2024.pdf",
    "website": "https://letsencrypt.org/docs/staging-environment/"
  },
  "newAccount": "https://acme-staging-v02.api.letsencrypt.org/acme/new-acct",
  "newNonce": "https://acme-staging-v02.api.letsencrypt.org/acme/new-nonce",
  "newOrder": "https://acme-staging-v02.api.letsencrypt.org/acme/new-order",
  "renewalInfo": "https://acme-staging-v02.api.letsencrypt.org/draft-ietf-acme-ari-03/renewalInfo",
  "revokeCert": "https://acme-staging-v02.api.letsencrypt.org/acme/revoke-cert"
}
2024-11-12 02:49:20,776:DEBUG:certbot._internal.display.obj:Notifying user: Simulating a certificate request for lucky-gun.com and www.lucky-gun.com
2024-11-12 02:49:20,780:DEBUG:acme.client:Requesting fresh nonce
2024-11-12 02:49:20,780:DEBUG:acme.client:Sending HEAD request to https://acme-staging-v02.api.letsencrypt.org/acme/new-nonce.
2024-11-12 02:49:20,940:DEBUG:urllib3.connectionpool:https://acme-staging-v02.api.letsencrypt.org:443 "HEAD /acme/new-nonce HTTP/1.1" 200 0
2024-11-12 02:49:20,941:DEBUG:acme.client:Received response:
HTTP 200
Server: nginx
Date: Tue, 12 Nov 2024 02:49:20 GMT
Connection: keep-alive
Cache-Control: public, max-age=0, no-cache
Link: <https://acme-staging-v02.api.letsencrypt.org/directory>;rel="index"
Replay-Nonce: 6LMdfWKRyQkEJFfsG7RApIEdUKfZKLe5yu_OF_x6oSkXbOrdk0E
X-Frame-Options: DENY
Strict-Transport-Security: max-age=604800


2024-11-12 02:49:20,941:DEBUG:acme.client:Storing nonce: 6LMdfWKRyQkEJFfsG7RApIEdUKfZKLe5yu_OF_x6oSkXbOrdk0E
2024-11-12 02:49:20,941:DEBUG:acme.client:JWS payload:
b'{\n  "identifiers": [\n    {\n      "type": "dns",\n      "value": "lucky-gun.com"\n    },\n    {\n      "type": "dns",\n      "value": "www.lucky-gun.com"\n    }\n  ]\n}'
2024-11-12 02:49:20,943:DEBUG:acme.client:Sending POST request to https://acme-staging-v02.api.letsencrypt.org/acme/new-order:
{
  "protected": "eyJhbGciOiAiUlMyNTYiLCAia2lkIjogImh0dHBzOi8vYWNtZS1zdGFnaW5nLXYwMi5hcGkubGV0c2VuY3J5cHQub3JnL2FjbWUvYWNjdC8xNzEwODQ4NDMiLCAibm9uY2UiOiAiNkxNZGZXS1J5UWtFSkZmc0c3UkFwSUVkVUtmWktMZTV5dV9PRl94Nm9Ta1hiT3JkazBFIiwgInVybCI6ICJodHRwczovL2FjbWUtc3RhZ2luZy12MDIuYXBpLmxldHNlbmNyeXB0Lm9yZy9hY21lL25ldy1vcmRlciJ9",
  "signature": "wqj8j8UClYDlcZiNxshHdLKgT4n2WUyoUn71cZeMLjp2gMkHiHQxLJpZtgtYxYA4HbccsfqPrk2-_kYE1aIqMIW_rl7Mntrgn3dlCKtI1olObGkwpZ0KsAAvsO2zFsxAc6iHQa-G9eMn7k66wl_hbS-nDIBpr3aFQioHJjjO9ZjBfgVJss4HdXsHh-I3Rx5IRSkJyPeiAUC-cPKzRJ1pd0WvmWNAqp-EKMf-EPe8XIP97KOJwP6iq5pSv7aJEAjQPJJYQiJg2hRs6_U3DpZf_mJtYHuRj5NfwFhC6VyuVzMnXXr3cBlVNd7jGhmjpHg27xwv9oX4vM7RpYQMG1jq_w",
  "payload": "ewogICJpZGVudGlmaWVycyI6IFsKICAgIHsKICAgICAgInR5cGUiOiAiZG5zIiwKICAgICAgInZhbHVlIjogImx1Y2t5LWd1bi5jb20iCiAgICB9LAogICAgewogICAgICAidHlwZSI6ICJkbnMiLAogICAgICAidmFsdWUiOiAid3d3Lmx1Y2t5LWd1bi5jb20iCiAgICB9CiAgXQp9"
}
2024-11-12 02:49:21,131:DEBUG:urllib3.connectionpool:https://acme-staging-v02.api.letsencrypt.org:443 "POST /acme/new-order HTTP/1.1" 201 499
2024-11-12 02:49:21,131:DEBUG:acme.client:Received response:
HTTP 201
Server: nginx
Date: Tue, 12 Nov 2024 02:49:21 GMT
Content-Type: application/json
Content-Length: 499
Connection: keep-alive
Boulder-Requester: 171084843
Cache-Control: public, max-age=0, no-cache
Link: <https://acme-staging-v02.api.letsencrypt.org/directory>;rel="index"
Location: https://acme-staging-v02.api.letsencrypt.org/acme/order/171084843/20426741233
Replay-Nonce: 6LMdfWKRIn6w3XU4cmsvvOiGn4cf7O-p-o64h4KEk7cN6xkKunc
X-Frame-Options: DENY
Strict-Transport-Security: max-age=604800

{
  "status": "pending",
  "expires": "2024-11-19T02:49:21Z",
  "identifiers": [
    {
      "type": "dns",
      "value": "lucky-gun.com"
    },
    {
      "type": "dns",
      "value": "www.lucky-gun.com"
    }
  ],
  "authorizations": [
    "https://acme-staging-v02.api.letsencrypt.org/acme/authz-v3/14868795553",
    "https://acme-staging-v02.api.letsencrypt.org/acme/authz-v3/14868795563"
  ],
  "finalize": "https://acme-staging-v02.api.letsencrypt.org/acme/finalize/171084843/20426741233"
}
2024-11-12 02:49:21,132:DEBUG:acme.client:Storing nonce: 6LMdfWKRIn6w3XU4cmsvvOiGn4cf7O-p-o64h4KEk7cN6xkKunc
2024-11-12 02:49:21,132:DEBUG:acme.client:JWS payload:
b''
2024-11-12 02:49:21,133:DEBUG:acme.client:Sending POST request to https://acme-staging-v02.api.letsencrypt.org/acme/authz-v3/14868795553:
{
  "protected": "eyJhbGciOiAiUlMyNTYiLCAia2lkIjogImh0dHBzOi8vYWNtZS1zdGFnaW5nLXYwMi5hcGkubGV0c2VuY3J5cHQub3JnL2FjbWUvYWNjdC8xNzEwODQ4NDMiLCAibm9uY2UiOiAiNkxNZGZXS1JJbjZ3M1hVNGNtc3Z2T2lHbjRjZjdPLXAtbzY0aDRLRWs3Y042eGtLdW5jIiwgInVybCI6ICJodHRwczovL2FjbWUtc3RhZ2luZy12MDIuYXBpLmxldHNlbmNyeXB0Lm9yZy9hY21lL2F1dGh6LXYzLzE0ODY4Nzk1NTUzIn0",
  "signature": "HdP3H7FmLqsGt5p_AOq85K0mOUeuuX-DTxxT_douYQ9ovP32dA08tTh1jtA241dveZzmLiMzOTv_bzu66eGii8zSNlIfDqXLVcy8lZPkIkqqLe7ntyYHxzurJTm7TaU69O7m_ymDbMV_KMif0jC0fnKuf7LeDA9Gm7Vi4i_FCTAwj42zHO_fvPvZWZ97P6mzD08TFlHlbGg-ydnA6Whs-imtuRFmCdR7cNh-J--FWqGRs9yb9LUG_U67az_Q3QEUple3fqNC6e-MbcpAv2kFJGzDPl8Kyx01fFzIhQY2NJAat1cGZr2m5EqkzhA29cg_uFqsI0O7Cjo60SP3Lz1JYg",
  "payload": ""
}
2024-11-12 02:49:21,299:DEBUG:urllib3.connectionpool:https://acme-staging-v02.api.letsencrypt.org:443 "POST /acme/authz-v3/14868795553 HTTP/1.1" 200 818
2024-11-12 02:49:21,299:DEBUG:acme.client:Received response:
HTTP 200
Server: nginx
Date: Tue, 12 Nov 2024 02:49:21 GMT
Content-Type: application/json
Content-Length: 818
Connection: keep-alive
Boulder-Requester: 171084843
Cache-Control: public, max-age=0, no-cache
Link: <https://acme-staging-v02.api.letsencrypt.org/directory>;rel="index"
Replay-Nonce: 6LMdfWKRrb2eI3POBj4Tz_xExhPVGu5drOjr3ZplZ9XoaKkpfxs
X-Frame-Options: DENY
Strict-Transport-Security: max-age=604800

{
  "identifier": {
    "type": "dns",
    "value": "lucky-gun.com"
  },
  "status": "pending",
  "expires": "2024-11-19T02:49:21Z",
  "challenges": [
    {
      "type": "http-01",
      "url": "https://acme-staging-v02.api.letsencrypt.org/acme/chall-v3/14868795553/DK8QgQ",
      "status": "pending",
      "token": "JeQERl4yKxUzN3_3kyA_Ym5TzBYdI-MkoI954CCSVGU"
    },
    {
      "type": "dns-01",
      "url": "https://acme-staging-v02.api.letsencrypt.org/acme/chall-v3/14868795553/Hj48IQ",
      "status": "pending",
      "token": "JeQERl4yKxUzN3_3kyA_Ym5TzBYdI-MkoI954CCSVGU"
    },
    {
      "type": "tls-alpn-01",
      "url": "https://acme-staging-v02.api.letsencrypt.org/acme/chall-v3/14868795553/L8R66w",
      "status": "pending",
      "token": "JeQERl4yKxUzN3_3kyA_Ym5TzBYdI-MkoI954CCSVGU"
    }
  ]
}
2024-11-12 02:49:21,299:DEBUG:acme.client:Storing nonce: 6LMdfWKRrb2eI3POBj4Tz_xExhPVGu5drOjr3ZplZ9XoaKkpfxs
2024-11-12 02:49:21,299:DEBUG:acme.client:JWS payload:
b''
2024-11-12 02:49:21,301:DEBUG:acme.client:Sending POST request to https://acme-staging-v02.api.letsencrypt.org/acme/authz-v3/14868795563:
{
  "protected": "eyJhbGciOiAiUlMyNTYiLCAia2lkIjogImh0dHBzOi8vYWNtZS1zdGFnaW5nLXYwMi5hcGkubGV0c2VuY3J5cHQub3JnL2FjbWUvYWNjdC8xNzEwODQ4NDMiLCAibm9uY2UiOiAiNkxNZGZXS1JyYjJlSTNQT0JqNFR6X3hFeGhQVkd1NWRyT2pyM1pwbFo5WG9hS2twZnhzIiwgInVybCI6ICJodHRwczovL2FjbWUtc3RhZ2luZy12MDIuYXBpLmxldHNlbmNyeXB0Lm9yZy9hY21lL2F1dGh6LXYzLzE0ODY4Nzk1NTYzIn0",
  "signature": "ZGXRuuJhldNLvSIRAAQeFzLlQQiV0Xvy8_bhs7KZeNLGSzoSxgRo1t7mkMth4kT3XoQ_ZvXpru2IBTBvae7fzGE8jwbF86DAgzyEpN7uXPfeYkWFFOdJi3tVrBPkenwLXaFPSfC4vPxvAYaTGUgcdu0qt25Qbx5b9AQth2PjvTdan2JsVOOrY9dwDh8DAjeffH3LnRrxuVkFAsnCRD_SmVzl9GGD4YBOEHTqKMOcvU2gOFSg4aypaG_qwPRWOwdvi3VV-C8JviVn6Cy2H0rak9QiQMXIeE3NaRCQFEKWHfUaNswbmSmTQHXM2hjaNYkRBl4n0R2OvghbE_OhYARSTQ",
  "payload": ""
}
2024-11-12 02:49:21,467:DEBUG:urllib3.connectionpool:https://acme-staging-v02.api.letsencrypt.org:443 "POST /acme/authz-v3/14868795563 HTTP/1.1" 200 822
2024-11-12 02:49:21,468:DEBUG:acme.client:Received response:
HTTP 200
Server: nginx
Date: Tue, 12 Nov 2024 02:49:21 GMT
Content-Type: application/json
Content-Length: 822
Connection: keep-alive
Boulder-Requester: 171084843
Cache-Control: public, max-age=0, no-cache
Link: <https://acme-staging-v02.api.letsencrypt.org/directory>;rel="index"
Replay-Nonce: gzkFhP4EW2hT5-AUuGxJqrXr0QlLf6c1xZnjoW0jlT5o0djZ0mo
X-Frame-Options: DENY
Strict-Transport-Security: max-age=604800

{
  "identifier": {
    "type": "dns",
    "value": "www.lucky-gun.com"
  },
  "status": "pending",
  "expires": "2024-11-19T02:49:21Z",
  "challenges": [
    {
      "type": "dns-01",
      "url": "https://acme-staging-v02.api.letsencrypt.org/acme/chall-v3/14868795563/9OsRdw",
      "status": "pending",
      "token": "8LHb5zU3xk9E1iA5pbfs5BnHS9mhrJDqoPfMdeHgZTA"
    },
    {
      "type": "tls-alpn-01",
      "url": "https://acme-staging-v02.api.letsencrypt.org/acme/chall-v3/14868795563/mlv-fQ",
      "status": "pending",
      "token": "8LHb5zU3xk9E1iA5pbfs5BnHS9mhrJDqoPfMdeHgZTA"
    },
    {
      "type": "http-01",
      "url": "https://acme-staging-v02.api.letsencrypt.org/acme/chall-v3/14868795563/RWSMRA",
      "status": "pending",
      "token": "8LHb5zU3xk9E1iA5pbfs5BnHS9mhrJDqoPfMdeHgZTA"
    }
  ]
}
2024-11-12 02:49:21,468:DEBUG:acme.client:Storing nonce: gzkFhP4EW2hT5-AUuGxJqrXr0QlLf6c1xZnjoW0jlT5o0djZ0mo
2024-11-12 02:49:21,468:INFO:certbot._internal.auth_handler:Performing the following challenges:
2024-11-12 02:49:21,468:INFO:certbot._internal.auth_handler:http-01 challenge for lucky-gun.com
2024-11-12 02:49:21,468:INFO:certbot._internal.auth_handler:http-01 challenge for www.lucky-gun.com
2024-11-12 02:49:21,468:INFO:certbot._internal.plugins.webroot:Using the webroot path /var/www/html for all unmatched domains.
2024-11-12 02:49:21,469:DEBUG:certbot._internal.plugins.webroot:Creating root challenges validation dir at /var/www/html/.well-known/acme-challenge
2024-11-12 02:49:21,469:DEBUG:certbot._internal.plugins.webroot:Creating root challenges validation dir at /var/www/html/.well-known/acme-challenge
2024-11-12 02:49:21,470:DEBUG:certbot._internal.plugins.webroot:Attempting to save validation to /var/www/html/.well-known/acme-challenge/JeQERl4yKxUzN3_3kyA_Ym5TzBYdI-MkoI954CCSVGU
2024-11-12 02:49:21,470:DEBUG:certbot._internal.plugins.webroot:Attempting to save validation to /var/www/html/.well-known/acme-challenge/8LHb5zU3xk9E1iA5pbfs5BnHS9mhrJDqoPfMdeHgZTA
2024-11-12 02:49:21,470:DEBUG:acme.client:JWS payload:
b'{}'
2024-11-12 02:49:21,471:DEBUG:acme.client:Sending POST request to https://acme-staging-v02.api.letsencrypt.org/acme/chall-v3/14868795553/DK8QgQ:
{
  "protected": "eyJhbGciOiAiUlMyNTYiLCAia2lkIjogImh0dHBzOi8vYWNtZS1zdGFnaW5nLXYwMi5hcGkubGV0c2VuY3J5cHQub3JnL2FjbWUvYWNjdC8xNzEwODQ4NDMiLCAibm9uY2UiOiAiZ3prRmhQNEVXMmhUNS1BVXVHeEpxclhyMFFsTGY2YzF4Wm5qb1cwamxUNW8wZGpaMG1vIiwgInVybCI6ICJodHRwczovL2FjbWUtc3RhZ2luZy12MDIuYXBpLmxldHNlbmNyeXB0Lm9yZy9hY21lL2NoYWxsLXYzLzE0ODY4Nzk1NTUzL0RLOFFnUSJ9",
  "signature": "NGyp2xX7hUbi_cODk8QMJPn3DETuNZDNUPW3tdLtRtWsh6w6nxBNBN1ISvRNnEl5JiEADuVXvLWtTbsLs8ANSWpxP4-5R2n6SB4TIA4dCyH3m75N8ITukL9e08XXOi6oR-T9BkuwEQDt0wvsw__2i1ADMGtLzbo4iqH6APxqm7b-Mk3f3hle0q3Y2auZ6Jnd_CgNr5zIzdFGTK17Wnz4RfGifm1Qvpl6CRbIUvWWx1G7Ibu4zw7dvC4WhKH3kfIMmLGIG__1lJbNVrPLLIBYPSf9mCvILQ4hK2oBFukh7NExNSOuRngdCJS8srov4S4hccnug3TH712Lf64lIKcOrA",
  "payload": "e30"
}
2024-11-12 02:49:21,645:DEBUG:urllib3.connectionpool:https://acme-staging-v02.api.letsencrypt.org:443 "POST /acme/chall-v3/14868795553/DK8QgQ HTTP/1.1" 200 194
2024-11-12 02:49:21,645:DEBUG:acme.client:Received response:
HTTP 200
Server: nginx
Date: Tue, 12 Nov 2024 02:49:21 GMT
Content-Type: application/json
Content-Length: 194
Connection: keep-alive
Boulder-Requester: 171084843
Cache-Control: public, max-age=0, no-cache
Link: <https://acme-staging-v02.api.letsencrypt.org/directory>;rel="index", <https://acme-staging-v02.api.letsencrypt.org/acme/authz-v3/14868795553>;rel="up"
Location: https://acme-staging-v02.api.letsencrypt.org/acme/chall-v3/14868795553/DK8QgQ
Replay-Nonce: gzkFhP4EZla_4sZIitpEYZ5J7WZgIouXqe0WYkkmwq4IIHWkoJ0
X-Frame-Options: DENY
Strict-Transport-Security: max-age=604800

{
  "type": "http-01",
  "url": "https://acme-staging-v02.api.letsencrypt.org/acme/chall-v3/14868795553/DK8QgQ",
  "status": "pending",
  "token": "JeQERl4yKxUzN3_3kyA_Ym5TzBYdI-MkoI954CCSVGU"
}
2024-11-12 02:49:21,645:DEBUG:acme.client:Storing nonce: gzkFhP4EZla_4sZIitpEYZ5J7WZgIouXqe0WYkkmwq4IIHWkoJ0
2024-11-12 02:49:21,646:DEBUG:acme.client:JWS payload:
b'{}'
2024-11-12 02:49:21,647:DEBUG:acme.client:Sending POST request to https://acme-staging-v02.api.letsencrypt.org/acme/chall-v3/14868795563/RWSMRA:
{
  "protected": "eyJhbGciOiAiUlMyNTYiLCAia2lkIjogImh0dHBzOi8vYWNtZS1zdGFnaW5nLXYwMi5hcGkubGV0c2VuY3J5cHQub3JnL2FjbWUvYWNjdC8xNzEwODQ4NDMiLCAibm9uY2UiOiAiZ3prRmhQNEVabGFfNHNaSWl0cEVZWjVKN1daZ0lvdVhxZTBXWWtrbXdxNElJSFdrb0owIiwgInVybCI6ICJodHRwczovL2FjbWUtc3RhZ2luZy12MDIuYXBpLmxldHNlbmNyeXB0Lm9yZy9hY21lL2NoYWxsLXYzLzE0ODY4Nzk1NTYzL1JXU01SQSJ9",
  "signature": "UD1yX_pQsgIC6K9UhYa0mIKlxRtaAyhUWLLtesr5ZUwGdRMgHfOrYYNAezcP5MbfZoow4lZMopImnhnr6vSYVlaUbN3C8xcw2Hr5ja1jPaIcU6v5e4IMPO-ptaWjofCho_3KkDT5wgEg8_QW_wJQXLJgoPrsXDAWchhYWoZH4LWKaYbmFHvqyXemRfk9YyW4NUz03VfoxzC-aJmXjn9sx3-s1prw8lfTcmH7sMPLwJ7eIpM4law5xyF7f_7qlBgHtkFegDtS8m_LH1VFN9lRVXqq5EZy4lg_TpPzSsiBlStRUKJ9j2Rb5LTooPN4eB-AHdkQp8hphCqYaG0Ssnctxw",
  "payload": "e30"
}
2024-11-12 02:49:21,818:DEBUG:urllib3.connectionpool:https://acme-staging-v02.api.letsencrypt.org:443 "POST /acme/chall-v3/14868795563/RWSMRA HTTP/1.1" 200 194
2024-11-12 02:49:21,818:DEBUG:acme.client:Received response:
HTTP 200
Server: nginx
Date: Tue, 12 Nov 2024 02:49:21 GMT
Content-Type: application/json
Content-Length: 194
Connection: keep-alive
Boulder-Requester: 171084843
Cache-Control: public, max-age=0, no-cache
Link: <https://acme-staging-v02.api.letsencrypt.org/directory>;rel="index", <https://acme-staging-v02.api.letsencrypt.org/acme/authz-v3/14868795563>;rel="up"
Location: https://acme-staging-v02.api.letsencrypt.org/acme/chall-v3/14868795563/RWSMRA
Replay-Nonce: gzkFhP4EnMTxHx-FCCbQOTXKCWILnQ7yHg1yHgvKnge9iHt-f3A
X-Frame-Options: DENY
Strict-Transport-Security: max-age=604800

{
  "type": "http-01",
  "url": "https://acme-staging-v02.api.letsencrypt.org/acme/chall-v3/14868795563/RWSMRA",
  "status": "pending",
  "token": "8LHb5zU3xk9E1iA5pbfs5BnHS9mhrJDqoPfMdeHgZTA"
}
2024-11-12 02:49:21,818:DEBUG:acme.client:Storing nonce: gzkFhP4EnMTxHx-FCCbQOTXKCWILnQ7yHg1yHgvKnge9iHt-f3A
2024-11-12 02:49:21,818:INFO:certbot._internal.auth_handler:Waiting for verification...
2024-11-12 02:49:22,819:DEBUG:acme.client:JWS payload:
b''
2024-11-12 02:49:22,820:DEBUG:acme.client:Sending POST request to https://acme-staging-v02.api.letsencrypt.org/acme/authz-v3/14868795553:
{
  "protected": "eyJhbGciOiAiUlMyNTYiLCAia2lkIjogImh0dHBzOi8vYWNtZS1zdGFnaW5nLXYwMi5hcGkubGV0c2VuY3J5cHQub3JnL2FjbWUvYWNjdC8xNzEwODQ4NDMiLCAibm9uY2UiOiAiZ3prRmhQNEVuTVR4SHgtRkNDYlFPVFhLQ1dJTG5RN3lIZzF5SGd2S25nZTlpSHQtZjNBIiwgInVybCI6ICJodHRwczovL2FjbWUtc3RhZ2luZy12MDIuYXBpLmxldHNlbmNyeXB0Lm9yZy9hY21lL2F1dGh6LXYzLzE0ODY4Nzk1NTUzIn0",
  "signature": "dZW-XeK84TJ2NvbdrK7ZEZTUHXg60HRTnDGumM_Dnq-7pfks4-85X1FtKqubG-44ae74omyxLCCGtNGdUCoQTCW95-_3WHS80NdZw8jCtkWuwyEcZuzwq9C0N_mUzN32AFSbA-TGZayEO8iklYmVSdLlZO_ZbZQRmI8PPkB4ya7S50nZFOE6QLYETpMGukxkDvQCPLgyM40TrFGb2i3i2C_gkjkKE5Ak3w2QVvkmbnSGqItzadR0_HVxMzKebj-hHRdUosg6JLrSQ8fshnt589q01yQZ-_a9pzIA2kdaz2Iesxf2L0ZwcA1UY_r1lO11IdIr2dLsgH7Rnjtdsv6mjg",
  "payload": ""
}
2024-11-12 02:49:22,985:DEBUG:urllib3.connectionpool:https://acme-staging-v02.api.letsencrypt.org:443 "POST /acme/authz-v3/14868795553 HTTP/1.1" 200 818
2024-11-12 02:49:22,985:DEBUG:acme.client:Received response:
HTTP 200
Server: nginx
Date: Tue, 12 Nov 2024 02:49:22 GMT
Content-Type: application/json
Content-Length: 818
Connection: keep-alive
Boulder-Requester: 171084843
Cache-Control: public, max-age=0, no-cache
Link: <https://acme-staging-v02.api.letsencrypt.org/directory>;rel="index"
Replay-Nonce: 6LMdfWKRsqMiz7cJNS_ujS5AttIX6gDn7EJQLrbIwIVK1NY79vY
X-Frame-Options: DENY
Strict-Transport-Security: max-age=604800

{
  "identifier": {
    "type": "dns",
    "value": "lucky-gun.com"
  },
  "status": "pending",
  "expires": "2024-11-19T02:49:21Z",
  "challenges": [
    {
      "type": "dns-01",
      "url": "https://acme-staging-v02.api.letsencrypt.org/acme/chall-v3/14868795553/Hj48IQ",
      "status": "pending",
      "token": "JeQERl4yKxUzN3_3kyA_Ym5TzBYdI-MkoI954CCSVGU"
    },
    {
      "type": "tls-alpn-01",
      "url": "https://acme-staging-v02.api.letsencrypt.org/acme/chall-v3/14868795553/L8R66w",
      "status": "pending",
      "token": "JeQERl4yKxUzN3_3kyA_Ym5TzBYdI-MkoI954CCSVGU"
    },
    {
      "type": "http-01",
      "url": "https://acme-staging-v02.api.letsencrypt.org/acme/chall-v3/14868795553/DK8QgQ",
      "status": "pending",
      "token": "JeQERl4yKxUzN3_3kyA_Ym5TzBYdI-MkoI954CCSVGU"
    }
  ]
}
2024-11-12 02:49:22,985:DEBUG:acme.client:Storing nonce: 6LMdfWKRsqMiz7cJNS_ujS5AttIX6gDn7EJQLrbIwIVK1NY79vY
2024-11-12 02:49:22,986:DEBUG:acme.client:JWS payload:
b''
2024-11-12 02:49:22,987:DEBUG:acme.client:Sending POST request to https://acme-staging-v02.api.letsencrypt.org/acme/authz-v3/14868795563:
{
  "protected": "eyJhbGciOiAiUlMyNTYiLCAia2lkIjogImh0dHBzOi8vYWNtZS1zdGFnaW5nLXYwMi5hcGkubGV0c2VuY3J5cHQub3JnL2FjbWUvYWNjdC8xNzEwODQ4NDMiLCAibm9uY2UiOiAiNkxNZGZXS1JzcU1pejdjSk5TX3VqUzVBdHRJWDZnRG43RUpRTHJiSXdJVksxTlk3OXZZIiwgInVybCI6ICJodHRwczovL2FjbWUtc3RhZ2luZy12MDIuYXBpLmxldHNlbmNyeXB0Lm9yZy9hY21lL2F1dGh6LXYzLzE0ODY4Nzk1NTYzIn0",
  "signature": "vrmZ1mFlopoa2_AjDwXKjHajdEb_pgX-U56qcE0zUzn3yWxaSlNzc9NTojc3NXzkvgzflYZON6xMpIkwU7AZEfBZ_GcPCRD5XnopdfUdpO_Y1_cSHo07AbkrZl5xfIAWPdmUkJ_NkFMJH-HCfWOFuCeRzjemjyGIzYM2jYujK2Df2bSQEnRkU8lXH5RarExG0p-dhySBFqzNXniHZCGV7o-PfTJVCHMSrsbhFw1lI57SaHncIToeHdBGsIcSV-BzdV36B5_Z1nOmSJf44-uzi2AHduUOdeDMVwZTsE5w27i1XhRmgxIDXrTc-JDZW9EovVGPONMJuR1o7d9rfcP3Mw",
  "payload": ""
}
2024-11-12 02:49:23,152:DEBUG:urllib3.connectionpool:https://acme-staging-v02.api.letsencrypt.org:443 "POST /acme/authz-v3/14868795563 HTTP/1.1" 200 822
2024-11-12 02:49:23,153:DEBUG:acme.client:Received response:
HTTP 200
Server: nginx
Date: Tue, 12 Nov 2024 02:49:23 GMT
Content-Type: application/json
Content-Length: 822
Connection: keep-alive
Boulder-Requester: 171084843
Cache-Control: public, max-age=0, no-cache
Link: <https://acme-staging-v02.api.letsencrypt.org/directory>;rel="index"
Replay-Nonce: 6LMdfWKRu-S18BGkyAhJXfaOtDA5Ci3yn0jjGVQ1jvKUCLlb7ik
X-Frame-Options: DENY
Strict-Transport-Security: max-age=604800

{
  "identifier": {
    "type": "dns",
    "value": "www.lucky-gun.com"
  },
  "status": "pending",
  "expires": "2024-11-19T02:49:21Z",
  "challenges": [
    {
      "type": "tls-alpn-01",
      "url": "https://acme-staging-v02.api.letsencrypt.org/acme/chall-v3/14868795563/mlv-fQ",
      "status": "pending",
      "token": "8LHb5zU3xk9E1iA5pbfs5BnHS9mhrJDqoPfMdeHgZTA"
    },
    {
      "type": "http-01",
      "url": "https://acme-staging-v02.api.letsencrypt.org/acme/chall-v3/14868795563/RWSMRA",
      "status": "pending",
      "token": "8LHb5zU3xk9E1iA5pbfs5BnHS9mhrJDqoPfMdeHgZTA"
    },
    {
      "type": "dns-01",
      "url": "https://acme-staging-v02.api.letsencrypt.org/acme/chall-v3/14868795563/9OsRdw",
      "status": "pending",
      "token": "8LHb5zU3xk9E1iA5pbfs5BnHS9mhrJDqoPfMdeHgZTA"
    }
  ]
}
2024-11-12 02:49:23,153:DEBUG:acme.client:Storing nonce: 6LMdfWKRu-S18BGkyAhJXfaOtDA5Ci3yn0jjGVQ1jvKUCLlb7ik
2024-11-12 02:49:26,153:DEBUG:acme.client:JWS payload:
b''
2024-11-12 02:49:26,155:DEBUG:acme.client:Sending POST request to https://acme-staging-v02.api.letsencrypt.org/acme/authz-v3/14868795553:
{
  "protected": "eyJhbGciOiAiUlMyNTYiLCAia2lkIjogImh0dHBzOi8vYWNtZS1zdGFnaW5nLXYwMi5hcGkubGV0c2VuY3J5cHQub3JnL2FjbWUvYWNjdC8xNzEwODQ4NDMiLCAibm9uY2UiOiAiNkxNZGZXS1J1LVMxOEJHa3lBaEpYZmFPdERBNUNpM3luMGpqR1ZRMWp2S1VDTGxiN2lrIiwgInVybCI6ICJodHRwczovL2FjbWUtc3RhZ2luZy12MDIuYXBpLmxldHNlbmNyeXB0Lm9yZy9hY21lL2F1dGh6LXYzLzE0ODY4Nzk1NTUzIn0",
  "signature": "CVWjXnIaqjxQm5w2DtE78T9UmZTTtGWVATxUk9toVKJec6E_2CYwKZmzXQezLxQ-OABxkgDsA7grUVHwGpM0j1Bu_yOs0kb5ajVDwG_TNs5w4cIynhvPYk0jEWWiotz1pKKpejx7Qp6IVwQzGBUrOLQH13Wg9oSFmPCConSu4oag6aTKFqRTeA6kRYOvo98eMeyZqZSSzlAt3qAA6usb0e-hA9_KfiI2upVYsP8OSBvjb4M6vauRzeYYavcj4uSS0i84hzWSFngEg8_VOHKhJdwA-ragi5lHN3QXHziRWRNERhULSCH9_SfPFgMEP88ihs6BJX9-f7UaNJuY-aUxHA",
  "payload": ""
}
2024-11-12 02:49:26,321:DEBUG:urllib3.connectionpool:https://acme-staging-v02.api.letsencrypt.org:443 "POST /acme/authz-v3/14868795553 HTTP/1.1" 200 818
2024-11-12 02:49:26,321:DEBUG:acme.client:Received response:
HTTP 200
Server: nginx
Date: Tue, 12 Nov 2024 02:49:26 GMT
Content-Type: application/json
Content-Length: 818
Connection: keep-alive
Boulder-Requester: 171084843
Cache-Control: public, max-age=0, no-cache
Link: <https://acme-staging-v02.api.letsencrypt.org/directory>;rel="index"
Replay-Nonce: 6LMdfWKR_7XMbzVCQM9l9mItRBk3sh_3CVPIPgEH_4og2ZsfZfY
X-Frame-Options: DENY
Strict-Transport-Security: max-age=604800

{
  "identifier": {
    "type": "dns",
    "value": "lucky-gun.com"
  },
  "status": "pending",
  "expires": "2024-11-19T02:49:21Z",
  "challenges": [
    {
      "type": "dns-01",
      "url": "https://acme-staging-v02.api.letsencrypt.org/acme/chall-v3/14868795553/Hj48IQ",
      "status": "pending",
      "token": "JeQERl4yKxUzN3_3kyA_Ym5TzBYdI-MkoI954CCSVGU"
    },
    {
      "type": "http-01",
      "url": "https://acme-staging-v02.api.letsencrypt.org/acme/chall-v3/14868795553/DK8QgQ",
      "status": "pending",
      "token": "JeQERl4yKxUzN3_3kyA_Ym5TzBYdI-MkoI954CCSVGU"
    },
    {
      "type": "tls-alpn-01",
      "url": "https://acme-staging-v02.api.letsencrypt.org/acme/chall-v3/14868795553/L8R66w",
      "status": "pending",
      "token": "JeQERl4yKxUzN3_3kyA_Ym5TzBYdI-MkoI954CCSVGU"
    }
  ]
}
2024-11-12 02:49:26,321:DEBUG:acme.client:Storing nonce: 6LMdfWKR_7XMbzVCQM9l9mItRBk3sh_3CVPIPgEH_4og2ZsfZfY
2024-11-12 02:49:26,322:DEBUG:acme.client:JWS payload:
b''
2024-11-12 02:49:26,323:DEBUG:acme.client:Sending POST request to https://acme-staging-v02.api.letsencrypt.org/acme/authz-v3/14868795563:
{
  "protected": "eyJhbGciOiAiUlMyNTYiLCAia2lkIjogImh0dHBzOi8vYWNtZS1zdGFnaW5nLXYwMi5hcGkubGV0c2VuY3J5cHQub3JnL2FjbWUvYWNjdC8xNzEwODQ4NDMiLCAibm9uY2UiOiAiNkxNZGZXS1JfN1hNYnpWQ1FNOWw5bUl0UkJrM3NoXzNDVlBJUGdFSF80b2cyWnNmWmZZIiwgInVybCI6ICJodHRwczovL2FjbWUtc3RhZ2luZy12MDIuYXBpLmxldHNlbmNyeXB0Lm9yZy9hY21lL2F1dGh6LXYzLzE0ODY4Nzk1NTYzIn0",
  "signature": "PgWzhaw1nqy3Rg4zZeTEaNxPBuLx8iDx47cHTZ9tNEO0x6TSLGC7f-zou8a_NcetDWye9d8ZKyIKyrqWLzas0O8vSGa-ZuCFgLJ8ahHB-KWv1X0_cK32btDAYQsm-iQHRPmLejLQsd3H3cPqV-rPtlOkEQY-OU30raG95COClyNumlEgd0yfw-kYJQbDD8k4OFe8wQoY5ldtRTRvOGWuufIy4R-sIc-mdFMMQZXtb-urDyARKBcU4GJ5-JJuQZl-JUMW_SbXeW71umfF7tUdyP25fTgFGCLWPKRofYE361W0dxGZAkSPk9ZIKfd9z0klLrmNTni_UoivecE4poPT2w",
  "payload": ""
}
2024-11-12 02:49:26,491:DEBUG:urllib3.connectionpool:https://acme-staging-v02.api.letsencrypt.org:443 "POST /acme/authz-v3/14868795563 HTTP/1.1" 200 822
2024-11-12 02:49:26,492:DEBUG:acme.client:Received response:
HTTP 200
Server: nginx
Date: Tue, 12 Nov 2024 02:49:26 GMT
Content-Type: application/json
Content-Length: 822
Connection: keep-alive
Boulder-Requester: 171084843
Cache-Control: public, max-age=0, no-cache
Link: <https://acme-staging-v02.api.letsencrypt.org/directory>;rel="index"
Replay-Nonce: gzkFhP4EbVktc29vwGB2qLW7jqx0QjC2MBM3m-XK4IDm4JlK8hM
X-Frame-Options: DENY
Strict-Transport-Security: max-age=604800

{
  "identifier": {
    "type": "dns",
    "value": "www.lucky-gun.com"
  },
  "status": "pending",
  "expires": "2024-11-19T02:49:21Z",
  "challenges": [
    {
      "type": "http-01",
      "url": "https://acme-staging-v02.api.letsencrypt.org/acme/chall-v3/14868795563/RWSMRA",
      "status": "pending",
      "token": "8LHb5zU3xk9E1iA5pbfs5BnHS9mhrJDqoPfMdeHgZTA"
    },
    {
      "type": "dns-01",
      "url": "https://acme-staging-v02.api.letsencrypt.org/acme/chall-v3/14868795563/9OsRdw",
      "status": "pending",
      "token": "8LHb5zU3xk9E1iA5pbfs5BnHS9mhrJDqoPfMdeHgZTA"
    },
    {
      "type": "tls-alpn-01",
      "url": "https://acme-staging-v02.api.letsencrypt.org/acme/chall-v3/14868795563/mlv-fQ",
      "status": "pending",
      "token": "8LHb5zU3xk9E1iA5pbfs5BnHS9mhrJDqoPfMdeHgZTA"
    }
  ]
}
2024-11-12 02:49:26,492:DEBUG:acme.client:Storing nonce: gzkFhP4EbVktc29vwGB2qLW7jqx0QjC2MBM3m-XK4IDm4JlK8hM
2024-11-12 02:49:29,157:DEBUG:certbot._internal.error_handler:Encountered signals: [15]
2024-11-12 02:49:29,158:DEBUG:certbot._internal.error_handler:Calling registered functions
2024-11-12 02:49:29,158:INFO:certbot._internal.auth_handler:Cleaning up challenges
2024-11-12 02:49:29,158:DEBUG:certbot._internal.plugins.webroot:Removing /var/www/html/.well-known/acme-challenge/JeQERl4yKxUzN3_3kyA_Ym5TzBYdI-MkoI954CCSVGU
2024-11-12 02:49:29,158:DEBUG:certbot._internal.plugins.webroot:Removing /var/www/html/.well-known/acme-challenge/8LHb5zU3xk9E1iA5pbfs5BnHS9mhrJDqoPfMdeHgZTA
2024-11-12 02:49:29,158:DEBUG:certbot._internal.plugins.webroot:All challenges cleaned up
2024-11-12 02:49:29,158:DEBUG:certbot._internal.error_handler:Calling signal 15
2024-11-12 02:49:29,159:DEBUG:certbot._internal.log:Exiting abnormally:
Traceback (most recent call last):
  File "/usr/local/bin/certbot", line 33, in <module>
    sys.exit(load_entry_point('certbot', 'console_scripts', 'certbot')())
             ^^^^^^^^^^^^^^^^^^^^^^^^^^^^^^^^^^^^^^^^^^^^^^^^^^^^^^^^^^^
  File "/opt/certbot/src/certbot/certbot/main.py", line 19, in main
    return internal_main.main(cli_args)
           ^^^^^^^^^^^^^^^^^^^^^^^^^^^^
  File "/opt/certbot/src/certbot/certbot/_internal/main.py", line 1876, in main
    return config.func(config, plugins)
           ^^^^^^^^^^^^^^^^^^^^^^^^^^^^
  File "/opt/certbot/src/certbot/certbot/_internal/main.py", line 1578, in certonly
    lineage = _get_and_save_cert(le_client, config, domains, certname, lineage)
              ^^^^^^^^^^^^^^^^^^^^^^^^^^^^^^^^^^^^^^^^^^^^^^^^^^^^^^^^^^^^^^^^^
  File "/opt/certbot/src/certbot/certbot/_internal/main.py", line 142, in _get_and_save_cert
    lineage = le_client.obtain_and_enroll_certificate(domains, certname)
              ^^^^^^^^^^^^^^^^^^^^^^^^^^^^^^^^^^^^^^^^^^^^^^^^^^^^^^^^^^
  File "/opt/certbot/src/certbot/certbot/_internal/client.py", line 517, in obtain_and_enroll_certificate
    cert, chain, key, _ = self.obtain_certificate(domains)
                          ^^^^^^^^^^^^^^^^^^^^^^^^^^^^^^^^
  File "/opt/certbot/src/certbot/certbot/_internal/client.py", line 428, in obtain_certificate
    orderr = self._get_order_and_authorizations(csr.data, self.config.allow_subset_of_names)
             ^^^^^^^^^^^^^^^^^^^^^^^^^^^^^^^^^^^^^^^^^^^^^^^^^^^^^^^^^^^^^^^^^^^^^^^^^^^^^^^
  File "/opt/certbot/src/certbot/certbot/_internal/client.py", line 496, in _get_order_and_authorizations
    authzr = self.auth_handler.handle_authorizations(orderr, self.config, best_effort)
             ^^^^^^^^^^^^^^^^^^^^^^^^^^^^^^^^^^^^^^^^^^^^^^^^^^^^^^^^^^^^^^^^^^^^^^^^^
  File "/opt/certbot/src/certbot/certbot/_internal/auth_handler.py", line 118, in handle_authorizations
    raise errors.Error("An unexpected error occurred while handling the authorizations.")
certbot.errors.Error: An unexpected error occurred while handling the authorizations.
2024-11-12 02:49:29,161:ERROR:certbot._internal.log:An unexpected error occurred while handling the authorizations.
